UserLoginSystem copy/app/build/outputs/logs/manifest-merger-release-report.txt
-- Merging decision tree log ---
manifest
ADDED from AndroidManifest.xml:2:1
	package
		ADDED from AndroidManifest.xml:3:5
		INJECTED from AndroidManifest.xml:0:0
		INJECTED from AndroidManifest.xml:0:0
	android:versionName
		INJECTED from AndroidManifest.xml:0:0
		INJECTED from AndroidManifest.xml:0:0
	xmlns:android
		ADDED from AndroidManifest.xml:2:11
	android:versionCode
		INJECTED from AndroidManifest.xml:0:0
		INJECTED from AndroidManifest.xml:0:0
application
ADDED from AndroidManifest.xml:5:5
MERGED from com.android.support:appcompat-v7:26.0.0-alpha1:29:5
MERGED from com.android.support:support-v4:26.0.0-alpha1:29:5
MERGED from com.android.support:support-compat:26.0.0-alpha1:29:5
MERGED from com.android.support:support-media-compat:26.0.0-alpha1:29:5
MERGED from com.android.support:support-compat:26.0.0-alpha1:29:5
MERGED from com.android.support:support-core-utils:26.0.0-alpha1:29:5
MERGED from com.android.support:support-compat:26.0.0-alpha1:29:5
MERGED from com.android.support:support-core-ui:26.0.0-alpha1:29:5
MERGED from com.android.support:support-compat:26.0.0-alpha1:29:5
MERGED from com.android.support:support-fragment:26.0.0-alpha1:29:5
MERGED from com.android.support:support-compat:26.0.0-alpha1:29:5
MERGED from com.android.support:support-core-ui:26.0.0-alpha1:29:5
MERGED from com.android.support:support-compat:26.0.0-alpha1:29:5
MERGED from com.android.support:support-core-utils:26.0.0-alpha1:29:5
MERGED from com.android.support:support-compat:26.0.0-alpha1:29:5
MERGED from com.android.support:support-vector-drawable:26.0.0-alpha1:26:5
MERGED from com.android.support:support-compat:26.0.0-alpha1:29:5
MERGED from com.android.support:animated-vector-drawable:26.0.0-alpha1:26:5
MERGED from com.android.support:support-vector-drawable:26.0.0-alpha1:26:5
MERGED from com.android.support:support-compat:26.0.0-alpha1:29:5
MERGED from com.android.support:support-v4:26.0.0-alpha1:29:5
MERGED from com.android.support:support-compat:26.0.0-alpha1:29:5
MERGED from com.android.support:support-media-compat:26.0.0-alpha1:29:5
MERGED from com.android.support:support-compat:26.0.0-alpha1:29:5
MERGED from com.android.support:support-core-utils:26.0.0-alpha1:29:5
MERGED from com.android.support:support-compat:26.0.0-alpha1:29:5
MERGED from com.android.support:support-core-ui:26.0.0-alpha1:29:5
MERGED from com.android.support:support-compat:26.0.0-alpha1:29:5
MERGED from com.android.support:support-fragment:26.0.0-alpha1:29:5
MERGED from com.android.support:support-compat:26.0.0-alpha1:29:5
MERGED from com.android.support:support-core-ui:26.0.0-alpha1:29:5
MERGED from com.android.support:support-compat:26.0.0-alpha1:29:5
MERGED from com.android.support:support-core-utils:26.0.0-alpha1:29:5
MERGED from com.android.support:support-compat:26.0.0-alpha1:29:5
	android:label
		ADDED from AndroidManifest.xml:8:9
	android:allowBackup
		ADDED from AndroidManifest.xml:6:9
	android:icon
		ADDED from AndroidManifest.xml:7:9
	android:theme
		ADDED from AndroidManifest.xml:9:9
activity#nuwc.userloginsystem.savedUsers
ADDED from AndroidManifest.xml:10:9
	android:label
		ADDED from AndroidManifest.xml:10:19
	android:name
		ADDED from AndroidManifest.xml:10:52
activity#nuwc.userloginsystem.signIn
ADDED from AndroidManifest.xml:11:9
	android:label
		ADDED from AndroidManifest.xml:11:19
	android:name
		ADDED from AndroidManifest.xml:11:52
activity#nuwc.userloginsystem.newUser
ADDED from AndroidManifest.xml:12:9
	android:label
		ADDED from AndroidManifest.xml:12:19
	android:name
		ADDED from AndroidManifest.xml:12:52
uses-sdk
INJECTED from AndroidManifest.xml:0:0 reason: use-sdk injection requested
MERGED from com.android.support:appcompat-v7:26.0.0-alpha1:21:5
MERGED from com.android.support:support-v4:26.0.0-alpha1:21:5
MERGED from com.android.support:support-compat:26.0.0-alpha1:21:5
MERGED from com.android.support:support-media-compat:26.0.0-alpha1:21:5
MERGED from com.android.support:support-compat:26.0.0-alpha1:21:5
MERGED from com.android.support:support-core-utils:26.0.0-alpha1:21:5
MERGED from com.android.support:support-compat:26.0.0-alpha1:21:5
MERGED from com.android.support:support-core-ui:26.0.0-alpha1:21:5
MERGED from com.android.support:support-compat:26.0.0-alpha1:21:5
MERGED from com.android.support:support-fragment:26.0.0-alpha1:21:5
MERGED from com.android.support:support-compat:26.0.0-alpha1:21:5
MERGED from com.android.support:support-core-ui:26.0.0-alpha1:21:5
MERGED from com.android.support:support-compat:26.0.0-alpha1:21:5
MERGED from com.android.support:support-core-utils:26.0.0-alpha1:21:5
MERGED from com.android.support:support-compat:26.0.0-alpha1:21:5
MERGED from com.android.support:support-vector-drawable:26.0.0-alpha1:20:5
MERGED from com.android.support:support-compat:26.0.0-alpha1:21:5
MERGED from com.android.support:animated-vector-drawable:26.0.0-alpha1:20:5
MERGED from com.android.support:support-vector-drawable:26.0.0-alpha1:20:5
MERGED from com.android.support:support-compat:26.0.0-alpha1:21:5
MERGED from com.android.support:support-v4:26.0.0-alpha1:21:5
MERGED from com.android.support:support-compat:26.0.0-alpha1:21:5
MERGED from com.android.support:support-media-compat:26.0.0-alpha1:21:5
MERGED from com.android.support:support-compat:26.0.0-alpha1:21:5
MERGED from com.android.support:support-core-utils:26.0.0-alpha1:21:5
MERGED from com.android.support:support-compat:26.0.0-alpha1:21:5
MERGED from com.android.support:support-core-ui:26.0.0-alpha1:21:5
MERGED from com.android.support:support-compat:26.0.0-alpha1:21:5
MERGED from com.android.support:support-fragment:26.0.0-alpha1:21:5
MERGED from com.android.support:support-compat:26.0.0-alpha1:21:5
MERGED from com.android.support:support-core-ui:26.0.0-alpha1:21:5
MERGED from com.android.support:support-compat:26.0.0-alpha1:21:5
MERGED from com.android.support:support-core-utils:26.0.0-alpha1:21:5
MERGED from com.android.support:support-compat:26.0.0-alpha1:21:5
	tools:overrideLibrary
		ADDED from com.android.support:appcompat-v7:26.0.0-alpha1:23:9
	android:targetSdkVersion
		INJECTED from AndroidManifest.xml:0:0
		INJECTED from AndroidManifest.xml:0:0
	android:minSdkVersion
		INJECTED from AndroidManifest.xml:0:0
		INJECTED from AndroidManifest.xml:0:0
meta-data#android.support.VERSION
ADDED from com.android.support:appcompat-v7:26.0.0-alpha1:25:5
MERGED from com.android.support:support-v4:26.0.0-alpha1:25:5
MERGED from com.android.support:support-compat:26.0.0-alpha1:25:5
MERGED from com.android.support:support-media-compat:26.0.0-alpha1:25:5
MERGED from com.android.support:support-compat:26.0.0-alpha1:25:5
MERGED from com.android.support:support-core-utils:26.0.0-alpha1:25:5
MERGED from com.android.support:support-compat:26.0.0-alpha1:25:5
MERGED from com.android.support:support-core-ui:26.0.0-alpha1:25:5
MERGED from com.android.support:support-compat:26.0.0-alpha1:25:5
MERGED from com.android.support:support-fragment:26.0.0-alpha1:25:5
MERGED from com.android.support:support-compat:26.0.0-alpha1:25:5
MERGED from com.android.support:support-core-ui:26.0.0-alpha1:25:5
MERGED from com.android.support:support-compat:26.0.0-alpha1:25:5
MERGED from com.android.support:support-core-utils:26.0.0-alpha1:25:5
MERGED from com.android.support:support-compat:26.0.0-alpha1:25:5
MERGED from com.android.support:support-vector-drawable:26.0.0-alpha1:22:5
MERGED from com.android.support:support-compat:26.0.0-alpha1:25:5
MERGED from com.android.support:animated-vector-drawable:26.0.0-alpha1:22:5
MERGED from com.android.support:support-vector-drawable:26.0.0-alpha1:22:5
MERGED from com.android.support:support-compat:26.0.0-alpha1:25:5
MERGED from com.android.support:support-v4:26.0.0-alpha1:25:5
MERGED from com.android.support:support-compat:26.0.0-alpha1:25:5
MERGED from com.android.support:support-media-compat:26.0.0-alpha1:25:5
MERGED from com.android.support:support-compat:26.0.0-alpha1:25:5
MERGED from com.android.support:support-core-utils:26.0.0-alpha1:25:5
MERGED from com.android.support:support-compat:26.0.0-alpha1:25:5
MERGED from com.android.support:support-core-ui:26.0.0-alpha1:25:5
MERGED from com.android.support:support-compat:26.0.0-alpha1:25:5
MERGED from com.android.support:support-fragment:26.0.0-alpha1:25:5
MERGED from com.android.support:support-compat:26.0.0-alpha1:25:5
MERGED from com.android.support:support-core-ui:26.0.0-alpha1:25:5
MERGED from com.android.support:support-compat:26.0.0-alpha1:25:5
MERGED from com.android.support:support-core-utils:26.0.0-alpha1:25:5
MERGED from com.android.support:support-compat:26.0.0-alpha1:25:5
	android:value
		ADDED from com.android.support:appcompat-v7:26.0.0-alpha1:27:9
	android:name
		ADDED from com.android.support:appcompat-v7:26.0.0-alpha1:26:9